[INFO] - The x-y position of the drone is: 0.000000 0.000000
[INFO] - The x-y components of the drone velocity are: 0.000000 0.000000
[INFO] - The x-y components of the drone force are: 0.000000 0.000000
[INFO] - Wd sending signal to 21757
[INFO] - Wd sending signal to 21755
[INFO] - The x-y position of the drone is: 20.000000 20.000000
[INFO] - The x-y components of the drone velocity are: 0.000000 0.000000
[INFO] - The x-y components of the drone force are: 0.000000 0.000000
[INFO] - Wd sending signal to 21734
[INFO] - The x-y position of the drone is: 20.000000 20.000000
[INFO] - The x-y components of the drone velocity are: 0.000000 0.000000
[INFO] - The x-y components of the drone force are: 0.000000 0.000000
[INFO] - Wd sending signal to 21735
[INFO] - The x-y position of the drone is: 20.000000 20.000000
[INFO] - The x-y components of the drone velocity are: 0.000000 0.000000
[INFO] - The x-y components of the drone force are: 0.000000 0.000000
[INFO] - Wd sending signal to 21757
[INFO] - Wd sending signal to 21755
[INFO] - Wd sending signal to 21734
[INFO] - The x-y position of the drone is: 20.000000 20.000000
[INFO] - The x-y components of the drone velocity are: 0.000000 0.000000
[INFO] - The x-y components of the drone force are: 0.000000 0.000000
[INFO] - Wd sending signal to 21735
[INFO] - The x-y position of the drone is: 20.000000 20.000000
[INFO] - The x-y components of the drone velocity are: 0.000000 0.000000
[INFO] - The x-y components of the drone force are: 0.000000 0.000000
[INFO] - Wd sending signal to 21757
[INFO] - Wd sending signal to 21755
[INFO] - The x-y position of the drone is: 20.000000 20.000000
[INFO] - The x-y components of the drone velocity are: 0.000000 0.000000
[INFO] - The x-y components of the drone force are: 0.000000 0.000000
[INFO] - Wd sending signal to 21734
[INFO] - The x-y position of the drone is: 20.000000 20.000000
[INFO] - The x-y components of the drone velocity are: 0.000000 0.000000
[INFO] - The x-y components of the drone force are: 0.000000 0.000000
[INFO] - Wd sending signal to 21735
[INFO] - The x-y position of the drone is: 20.000000 20.000000
[INFO] - The x-y components of the drone velocity are: 0.000000 0.000000
[INFO] - The x-y components of the drone force are: 0.000000 0.000000
[INFO] - Wd sending signal to 21757
[INFO] - Wd sending signal to 21755
[INFO] - The x-y position of the drone is: 20.000000 20.000000
[INFO] - The x-y components of the drone velocity are: 0.000000 0.000000
[INFO] - The x-y components of the drone force are: 0.000000 0.000000
[INFO] - Wd sending signal to 21734
[INFO] - The x-y position of the drone is: 20.000000 20.000000
[INFO] - The x-y components of the drone velocity are: 0.000000 0.000000
[INFO] - The x-y components of the drone force are: 0.000000 0.000000
[INFO] - Wd sending signal to 21735
[INFO] - The x-y position of the drone is: 20.000000 20.000000
[INFO] - The x-y components of the drone velocity are: 0.000000 0.000000
[INFO] - The x-y components of the drone force are: 0.000000 0.000000
[INFO] - Wd sending signal to 21757
[INFO] - Wd sending signal to 21755
[INFO] - The x-y position of the drone is: 20.000000 20.000000
[INFO] - The x-y components of the drone velocity are: 0.000000 0.000000
[INFO] - The x-y components of the drone force are: 0.000000 0.000000
[WARN] - WD killed all processes because of process with pid 21755
[INFO] - The x-y position of the drone is: 0.000000 0.000000
[INFO] - The x-y components of the drone velocity are: 0.000000 0.000000
[INFO] - The x-y components of the drone force are: 0.000000 0.000000
[INFO] - Wd sending signal to 21929
[INFO] - Wd sending signal to 21927
[INFO] - The x-y position of the drone is: 20.000000 20.000000
[INFO] - The x-y components of the drone velocity are: 0.000000 0.000000
[INFO] - The x-y components of the drone force are: 0.000000 0.000000
[INFO] - Wd sending signal to 21896
[INFO] - The x-y position of the drone is: 20.000000 20.000000
[INFO] - The x-y components of the drone velocity are: 0.000000 0.000000
[INFO] - The x-y components of the drone force are: 0.000000 0.000000
[INFO] - Wd sending signal to 21897
[INFO] - The x-y position of the drone is: 20.000000 20.000000
[INFO] - The x-y components of the drone velocity are: 0.000000 0.000000
[INFO] - The x-y components of the drone force are: 0.000000 0.000000
[INFO] - Wd sending signal to 21929
[WARN] - WD killed all processes because of process with pid 21929
[INFO] - The x-y position of the drone is: 0.000000 0.000000
[INFO] - The x-y components of the drone velocity are: 0.000000 0.000000
[INFO] - The x-y components of the drone force are: 0.000000 0.000000
[INFO] - Wd sending signal to 22007
[INFO] - Wd sending signal to 22004
[INFO] - The x-y position of the drone is: 20.000000 20.000000
[INFO] - The x-y components of the drone velocity are: 0.000000 0.000000
[INFO] - The x-y components of the drone force are: 0.000000 0.000000
[INFO] - Wd sending signal to 21985
[INFO] - The x-y position of the drone is: 20.000000 20.000000
[INFO] - The x-y components of the drone velocity are: 0.000000 0.000000
[INFO] - The x-y components of the drone force are: 0.000000 0.000000
[INFO] - Wd sending signal to 21986
[INFO] - The x-y position of the drone is: 20.000000 20.000000
[INFO] - The x-y components of the drone velocity are: 0.000000 0.000000
[INFO] - The x-y components of the drone force are: 0.000000 0.000000
[INFO] - Wd sending signal to 22007
[INFO] - Wd sending signal to 22004
[INFO] - The x-y position of the drone is: 20.000000 20.000000
[INFO] - The x-y components of the drone velocity are: 0.000000 0.000000
[INFO] - The x-y components of the drone force are: 0.000000 0.000000
[INFO] - Wd sending signal to 21985
[INFO] - The x-y position of the drone is: 20.000000 20.000000
[INFO] - The x-y components of the drone velocity are: 0.000000 0.000000
[INFO] - The x-y components of the drone force are: 0.000000 0.000000
[INFO] - Wd sending signal to 21986
[INFO] - The x-y position of the drone is: 20.000000 20.000000
[INFO] - The x-y components of the drone velocity are: 0.000000 0.000000
[INFO] - The x-y components of the drone force are: 0.000000 0.000000
[INFO] - Wd sending signal to 22007
[INFO] - Wd sending signal to 22004
[INFO] - The x-y position of the drone is: 20.000000 20.000000
[INFO] - The x-y components of the drone velocity are: 0.000000 0.000000
[INFO] - The x-y components of the drone force are: 0.000000 0.000000
[WARN] - WD killed all processes because of process with pid 22004
[INFO] - The x-y position of the drone is: 0.000000 0.000000
[INFO] - The x-y components of the drone velocity are: 0.000000 0.000000
[INFO] - The x-y components of the drone force are: 0.000000 0.000000
[INFO] - Wd sending signal to 22139
[INFO] - Wd sending signal to 22137
[INFO] - The x-y position of the drone is: 20.000000 20.000000
[INFO] - The x-y components of the drone velocity are: 0.000000 0.000000
[INFO] - The x-y components of the drone force are: 0.000000 0.000000
[INFO] - Wd sending signal to 22106
[INFO] - The x-y position of the drone is: 20.000000 20.000000
[INFO] - The x-y components of the drone velocity are: 0.000000 0.000000
[INFO] - The x-y components of the drone force are: 0.000000 0.000000
[INFO] - Wd sending signal to 22107
[INFO] - The x-y position of the drone is: 20.000000 20.000000
[INFO] - The x-y components of the drone velocity are: 0.000000 0.000000
[INFO] - The x-y components of the drone force are: 0.000000 0.000000
[INFO] - Wd sending signal to 22139
[INFO] - Wd sending signal to 22137
[INFO] - The x-y position of the drone is: 20.000000 20.000000
[INFO] - The x-y components of the drone velocity are: 0.000000 0.000000
[INFO] - The x-y components of the drone force are: 0.000000 0.000000
[INFO] - Wd sending signal to 22106
[INFO] - The x-y position of the drone is: 20.000000 20.000000
[INFO] - The x-y components of the drone velocity are: 0.000000 0.000000
[INFO] - The x-y components of the drone force are: 0.000000 0.000000
[INFO] - Wd sending signal to 22107
[INFO] - The x-y position of the drone is: 20.000000 20.000000
[INFO] - The x-y components of the drone velocity are: 0.000000 0.000000
[INFO] - The x-y components of the drone force are: 0.000000 0.000000
[INFO] - Wd sending signal to 22139
[WARN] - WD killed all processes because of process with pid 22139
